<?xml version="1.0" encoding="UTF-8"?>
<robot generator="Robot 7.0 (Python 3.12.1 on win32)" generated="2024-01-12T17:02:34.583519" rpa="false" schemaversion="5">
<suite id="s1" name="Login Ecommerce" source="D:\Dev\Robot\RobotFramework\RobotFramework\introduction\src_projects\ecommerce\tests\login_ecommerce.robot">
<kw name="Abrir navegador" owner="session_rsc" type="SETUP">
<msg time="2024-01-12T17:02:34.719054" level="FAIL">Variable '${URL_BASE}' not found.</msg>
<arg>URL=${URL_BASE}</arg>
<status status="FAIL" start="2024-01-12T17:02:34.718051" elapsed="0.001003">Variable '${URL_BASE}' not found.</status>
</kw>
<test id="s1-t1" name="Teste de Login com sucesso" line="16">
<status status="FAIL" start="2024-01-12T17:02:34.719054" elapsed="0.000000">Parent suite setup failed:
Variable '${URL_BASE}' not found.</status>
</test>
<test id="s1-t2" name="Teste de Login sem sucesso" line="22">
<status status="FAIL" start="2024-01-12T17:02:34.720055" elapsed="0.000000">Parent suite setup failed:
Variable '${URL_BASE}' not found.</status>
</test>
<kw name="Fechar Navegador" owner="session_rsc" type="TEARDOWN">
<kw name="Close Browser" owner="SeleniumLibrary">
<doc>Closes the current browser.</doc>
<status status="PASS" start="2024-01-12T17:02:34.721063" elapsed="0.000000"/>
</kw>
<status status="PASS" start="2024-01-12T17:02:34.721063" elapsed="0.000000"/>
</kw>
<status status="FAIL" start="2024-01-12T17:02:34.584519" elapsed="0.136544">Suite setup failed:
Variable '${URL_BASE}' not found.</status>
</suite>
<statistics>
<total>
<stat pass="0" fail="2" skip="0">All Tests</stat>
</total>
<tag>
</tag>
<suite>
<stat pass="0" fail="2" skip="0" id="s1" name="Login Ecommerce">Login Ecommerce</stat>
</suite>
</statistics>
<errors>
<msg time="2024-01-12T17:02:34.716223" level="WARN">Imported resource file 'D:\Dev\Robot\RobotFramework\RobotFramework\introduction\src_projects\ecommerce\data_driven\credenciais.robot' is empty.</msg>
</errors>
</robot>
